2017-04-27 00:44:11,207 DEBUG 登陆网关管理服务器启动成功!
2017-04-27 01:00:56,499 CRITICAL   File "C:\Program Files\JetBrains\PyCharm 2017.1.1\helpers\pydev\pydevd.py", line 1578, in <module>
    globals = debugger.run(setup['file'], None, None, is_module)
  File "C:\Program Files\JetBrains\PyCharm 2017.1.1\helpers\pydev\pydevd.py", line 1015, in run
    pydev_imports.execfile(file, globals, locals)  # execute the script
  File "D:/xGame/logingatemanager/main.py", line 56, in <module>
    run()
  File "D:/xGame/logingatemanager/main.py", line 53, in run
    daemon.run(config.instance.server_pid,MainRun)
  File "D:\xGame\common\daemon.py", line 164, in run
    func(False)
  File "D:/xGame/logingatemanager/main.py", line 44, in MainRun
    config.instance.max_client or 10000)

2017-04-27 01:00:56,500 CRITICAL <type 'exceptions.AttributeError'>: 'Config' object has no attribute 'max_client'
2017-04-27 01:01:58,282 INFO ClientFactory starting on 1111
2017-04-27 01:01:58,283 INFO Starting factory <clientfactory.ClientFactory instance at 0x0000000003A528C8>
2017-04-27 01:01:58,283 DEBUG 登陆网关管理服务器启动成功!
2017-04-27 01:33:41,302 INFO ClientFactory starting on 1111
2017-04-27 01:33:41,302 INFO Starting factory <clientfactory.ClientFactory instance at 0x0000000003D0E8C8>
2017-04-27 01:33:41,303 DEBUG 登陆网关管理服务器启动成功!
2017-04-27 01:39:53,095 INFO ClientFactory starting on 1111
2017-04-27 01:39:53,095 INFO Starting factory <clientfactory.ClientFactory instance at 0x0000000004435948>
2017-04-27 01:40:01,555 DEBUG 登陆网关管理服务器启动成功!
2017-04-27 12:21:58,710 INFO ClientFactory starting on 1111
2017-04-27 12:21:58,710 INFO Starting factory <clientfactory.ClientFactory instance at 0x000000000444E7C8>
2017-04-27 12:21:58,713 CRITICAL   File "C:\Program Files\JetBrains\PyCharm 2017.1.1\helpers\pydev\pydevd.py", line 1578, in <module>
    globals = debugger.run(setup['file'], None, None, is_module)
  File "C:\Program Files\JetBrains\PyCharm 2017.1.1\helpers\pydev\pydevd.py", line 1015, in run
    pydev_imports.execfile(file, globals, locals)  # execute the script
  File "D:/xGame/logingatemanager/main.py", line 57, in <module>
    run()
  File "D:/xGame/logingatemanager/main.py", line 54, in run
    daemon.run(config.instance.server_pid,MainRun)
  File "D:\xGame\common\daemon.py", line 164, in run
    func(False)
  File "D:/xGame/logingatemanager/main.py", line 46, in MainRun
    clientmanager.instance.start(config.instance)
  File "D:/xGame/logingatemanager\clientmanager.py", line 14, in start
    self.__logingate_id_pool.append(i)

2017-04-27 12:21:58,713 CRITICAL <type 'exceptions.AttributeError'>: 'tuple' object has no attribute 'append'
2017-04-27 12:22:07,959 INFO ClientFactory starting on 1111
2017-04-27 12:22:07,959 INFO Starting factory <clientfactory.ClientFactory instance at 0x000000000404A7C8>
2017-04-27 12:22:07,960 CRITICAL   File "C:\Program Files\JetBrains\PyCharm 2017.1.1\helpers\pydev\pydevd.py", line 1578, in <module>
    globals = debugger.run(setup['file'], None, None, is_module)
  File "C:\Program Files\JetBrains\PyCharm 2017.1.1\helpers\pydev\pydevd.py", line 1015, in run
    pydev_imports.execfile(file, globals, locals)  # execute the script
  File "D:/xGame/logingatemanager/main.py", line 57, in <module>
    run()
  File "D:/xGame/logingatemanager/main.py", line 54, in run
    daemon.run(config.instance.server_pid,MainRun)
  File "D:\xGame\common\daemon.py", line 164, in run
    func(False)
  File "D:/xGame/logingatemanager/main.py", line 46, in MainRun
    clientmanager.instance.start(config.instance)
  File "D:/xGame/logingatemanager\clientmanager.py", line 14, in start
    self.__logingate_id_pool.append(i)

2017-04-27 12:22:07,960 CRITICAL <type 'exceptions.AttributeError'>: 'tuple' object has no attribute 'append'
2017-04-27 12:22:45,601 INFO ClientFactory starting on 1111
2017-04-27 12:22:45,602 INFO Starting factory <clientfactory.ClientFactory instance at 0x0000000003B577C8>
2017-04-27 12:22:45,604 DEBUG 登陆网关管理服务器启动成功!
2017-04-27 12:24:26,920 INFO ClientFactory starting on 1111
2017-04-27 12:24:26,921 INFO Starting factory <clientfactory.ClientFactory instance at 0x0000000003DAC7C8>
2017-04-27 12:24:26,924 INFO 登陆网关管理服务器启动成功!
2017-04-27 12:25:08,377 INFO ClientFactory starting on 1111
2017-04-27 12:25:08,378 INFO Starting factory <clientfactory.ClientFactory instance at 0x00000000043677C8>
2017-04-27 12:25:08,378 INFO 最大登录网关数量:100
2017-04-27 12:25:08,378 INFO 最大登录网关数量:100
2017-04-27 12:25:08,378 INFO 登陆网关管理服务器启动成功!
2017-04-27 12:26:04,625 INFO ClientFactory starting on 1111
2017-04-27 12:26:04,625 INFO Starting factory <clientfactory.ClientFactory instance at 0x00000000046B57C8>
2017-04-27 12:26:04,627 INFO 最大登录网关数量:88
2017-04-27 12:26:04,627 INFO 最大登录服务器数量:200
2017-04-27 12:26:04,628 INFO 登陆网关管理服务器启动成功!
